<?xml version="1.0" encoding="UTF-8"?>
<testsuite xmlns:xsi="http://www.w3.org/2001/XMLSchema-instance" xsi:noNamespaceSchemaLocation="https://maven.apache.org/surefire/maven-surefire-plugin/xsd/surefire-test-report.xsd" name="com.mytest.AppTest" time="0.039" tests="1" errors="0" skipped="0" failures="0">
  <properties>
    <property name="awt.toolkit" value="sun.awt.X11.XToolkit"/>
    <property name="file.encoding.pkg" value="sun.io"/>
    <property name="java.specification.version" value="1.8"/>
    <property name="sun.cpu.isalist" value=""/>
    <property name="sun.jnu.encoding" value="UTF-8"/>
    <property name="java.class.path" value="/home/ua07/mytest/target/test-classes:/home/ua07/mytest/target/classes:/opt/maven/local_repo/junit/junit/4.11/junit-4.11.jar:/opt/maven/local_repo/org/hamcrest/hamcrest-core/1.3/hamcrest-core-1.3.jar:/opt/maven/local_repo/org/apache/hadoop/hadoop-common/2.7.3/hadoop-common-2.7.3.jar:/opt/maven/local_repo/org/apache/hadoop/hadoop-annotations/2.7.3/hadoop-annotations-2.7.3.jar:/usr/jdk64/jdk1.8.0_112/jre/../lib/tools.jar:/opt/maven/local_repo/com/google/guava/guava/11.0.2/guava-11.0.2.jar:/opt/maven/local_repo/commons-cli/commons-cli/1.2/commons-cli-1.2.jar:/opt/maven/local_repo/org/apache/commons/commons-math3/3.1.1/commons-math3-3.1.1.jar:/opt/maven/local_repo/xmlenc/xmlenc/0.52/xmlenc-0.52.jar:/opt/maven/local_repo/commons-httpclient/commons-httpclient/3.1/commons-httpclient-3.1.jar:/opt/maven/local_repo/commons-codec/commons-codec/1.4/commons-codec-1.4.jar:/opt/maven/local_repo/commons-io/commons-io/2.4/commons-io-2.4.jar:/opt/maven/local_repo/commons-net/commons-net/3.1/commons-net-3.1.jar:/opt/maven/local_repo/commons-collections/commons-collections/3.2.2/commons-collections-3.2.2.jar:/opt/maven/local_repo/javax/servlet/servlet-api/2.5/servlet-api-2.5.jar:/opt/maven/local_repo/org/mortbay/jetty/jetty/6.1.26/jetty-6.1.26.jar:/opt/maven/local_repo/org/mortbay/jetty/jetty-util/6.1.26/jetty-util-6.1.26.jar:/opt/maven/local_repo/javax/servlet/jsp/jsp-api/2.1/jsp-api-2.1.jar:/opt/maven/local_repo/com/sun/jersey/jersey-core/1.9/jersey-core-1.9.jar:/opt/maven/local_repo/com/sun/jersey/jersey-json/1.9/jersey-json-1.9.jar:/opt/maven/local_repo/org/codehaus/jettison/jettison/1.1/jettison-1.1.jar:/opt/maven/local_repo/com/sun/xml/bind/jaxb-impl/2.2.3-1/jaxb-impl-2.2.3-1.jar:/opt/maven/local_repo/org/codehaus/jackson/jackson-xc/1.8.3/jackson-xc-1.8.3.jar:/opt/maven/local_repo/com/sun/jersey/jersey-server/1.9/jersey-server-1.9.jar:/opt/maven/local_repo/asm/asm/3.1/asm-3.1.jar:/opt/maven/local_repo/commons-logging/commons-logging/1.1.3/commons-logging-1.1.3.jar:/opt/maven/local_repo/log4j/log4j/1.2.17/log4j-1.2.17.jar:/opt/maven/local_repo/net/java/dev/jets3t/jets3t/0.9.0/jets3t-0.9.0.jar:/opt/maven/local_repo/org/apache/httpcomponents/httpclient/4.1.2/httpclient-4.1.2.jar:/opt/maven/local_repo/org/apache/httpcomponents/httpcore/4.1.2/httpcore-4.1.2.jar:/opt/maven/local_repo/com/jamesmurty/utils/java-xmlbuilder/0.4/java-xmlbuilder-0.4.jar:/opt/maven/local_repo/commons-lang/commons-lang/2.6/commons-lang-2.6.jar:/opt/maven/local_repo/commons-configuration/commons-configuration/1.6/commons-configuration-1.6.jar:/opt/maven/local_repo/commons-digester/commons-digester/1.8/commons-digester-1.8.jar:/opt/maven/local_repo/commons-beanutils/commons-beanutils/1.7.0/commons-beanutils-1.7.0.jar:/opt/maven/local_repo/commons-beanutils/commons-beanutils-core/1.8.0/commons-beanutils-core-1.8.0.jar:/opt/maven/local_repo/org/slf4j/slf4j-api/1.7.10/slf4j-api-1.7.10.jar:/opt/maven/local_repo/org/slf4j/slf4j-log4j12/1.7.10/slf4j-log4j12-1.7.10.jar:/opt/maven/local_repo/org/codehaus/jackson/jackson-core-asl/1.9.13/jackson-core-asl-1.9.13.jar:/opt/maven/local_repo/org/codehaus/jackson/jackson-mapper-asl/1.9.13/jackson-mapper-asl-1.9.13.jar:/opt/maven/local_repo/org/apache/avro/avro/1.7.4/avro-1.7.4.jar:/opt/maven/local_repo/com/thoughtworks/paranamer/paranamer/2.3/paranamer-2.3.jar:/opt/maven/local_repo/org/xerial/snappy/snappy-java/1.0.4.1/snappy-java-1.0.4.1.jar:/opt/maven/local_repo/com/google/protobuf/protobuf-java/2.5.0/protobuf-java-2.5.0.jar:/opt/maven/local_repo/com/google/code/gson/gson/2.2.4/gson-2.2.4.jar:/opt/maven/local_repo/org/apache/hadoop/hadoop-auth/2.7.3/hadoop-auth-2.7.3.jar:/opt/maven/local_repo/org/apache/directory/server/apacheds-kerberos-codec/2.0.0-M15/apacheds-kerberos-codec-2.0.0-M15.jar:/opt/maven/local_repo/org/apache/directory/server/apacheds-i18n/2.0.0-M15/apacheds-i18n-2.0.0-M15.jar:/opt/maven/local_repo/org/apache/directory/api/api-asn1-api/1.0.0-M20/api-asn1-api-1.0.0-M20.jar:/opt/maven/local_repo/org/apache/directory/api/api-util/1.0.0-M20/api-util-1.0.0-M20.jar:/opt/maven/local_repo/org/apache/curator/curator-framework/2.7.1/curator-framework-2.7.1.jar:/opt/maven/local_repo/com/jcraft/jsch/0.1.42/jsch-0.1.42.jar:/opt/maven/local_repo/org/apache/curator/curator-client/2.7.1/curator-client-2.7.1.jar:/opt/maven/local_repo/org/apache/curator/curator-recipes/2.7.1/curator-recipes-2.7.1.jar:/opt/maven/local_repo/com/google/code/findbugs/jsr305/3.0.0/jsr305-3.0.0.jar:/opt/maven/local_repo/org/apache/htrace/htrace-core/3.1.0-incubating/htrace-core-3.1.0-incubating.jar:/opt/maven/local_repo/org/apache/zookeeper/zookeeper/3.4.6/zookeeper-3.4.6.jar:/opt/maven/local_repo/org/apache/commons/commons-compress/1.4.1/commons-compress-1.4.1.jar:/opt/maven/local_repo/org/tukaani/xz/1.0/xz-1.0.jar:/opt/maven/local_repo/org/apache/hadoop/hadoop-hdfs/2.7.3/hadoop-hdfs-2.7.3.jar:/opt/maven/local_repo/commons-daemon/commons-daemon/1.0.13/commons-daemon-1.0.13.jar:/opt/maven/local_repo/io/netty/netty/3.6.2.Final/netty-3.6.2.Final.jar:/opt/maven/local_repo/io/netty/netty-all/4.0.23.Final/netty-all-4.0.23.Final.jar:/opt/maven/local_repo/xerces/xercesImpl/2.9.1/xercesImpl-2.9.1.jar:/opt/maven/local_repo/xml-apis/xml-apis/1.3.04/xml-apis-1.3.04.jar:/opt/maven/local_repo/org/fusesource/leveldbjni/leveldbjni-all/1.8/leveldbjni-all-1.8.jar:/opt/maven/local_repo/org/apache/hadoop/hadoop-client/2.7.3/hadoop-client-2.7.3.jar:/opt/maven/local_repo/org/apache/hadoop/hadoop-mapreduce-client-app/2.7.3/hadoop-mapreduce-client-app-2.7.3.jar:/opt/maven/local_repo/org/apache/hadoop/hadoop-mapreduce-client-common/2.7.3/hadoop-mapreduce-client-common-2.7.3.jar:/opt/maven/local_repo/org/apache/hadoop/hadoop-yarn-client/2.7.3/hadoop-yarn-client-2.7.3.jar:/opt/maven/local_repo/org/apache/hadoop/hadoop-yarn-server-common/2.7.3/hadoop-yarn-server-common-2.7.3.jar:/opt/maven/local_repo/org/apache/hadoop/hadoop-mapreduce-client-shuffle/2.7.3/hadoop-mapreduce-client-shuffle-2.7.3.jar:/opt/maven/local_repo/org/apache/hadoop/hadoop-yarn-api/2.7.3/hadoop-yarn-api-2.7.3.jar:/opt/maven/local_repo/org/apache/hadoop/hadoop-mapreduce-client-jobclient/2.7.3/hadoop-mapreduce-client-jobclient-2.7.3.jar:/opt/maven/local_repo/org/apache/hadoop/hadoop-mapreduce-client-core/2.7.3/hadoop-mapreduce-client-core-2.7.3.jar:/opt/maven/local_repo/org/apache/hadoop/hadoop-yarn-common/2.7.3/hadoop-yarn-common-2.7.3.jar:/opt/maven/local_repo/javax/xml/bind/jaxb-api/2.2.2/jaxb-api-2.2.2.jar:/opt/maven/local_repo/javax/xml/stream/stax-api/1.0-2/stax-api-1.0-2.jar:/opt/maven/local_repo/javax/activation/activation/1.1/activation-1.1.jar:/opt/maven/local_repo/com/sun/jersey/jersey-client/1.9/jersey-client-1.9.jar:/opt/maven/local_repo/com/google/inject/guice/3.0/guice-3.0.jar:/opt/maven/local_repo/javax/inject/javax.inject/1/javax.inject-1.jar:/opt/maven/local_repo/aopalliance/aopalliance/1.0/aopalliance-1.0.jar:/opt/maven/local_repo/com/sun/jersey/contribs/jersey-guice/1.9/jersey-guice-1.9.jar:/opt/maven/local_repo/com/google/inject/extensions/guice-servlet/3.0/guice-servlet-3.0.jar:/opt/maven/local_repo/org/apache/hbase/hbase-client/1.3.1/hbase-client-1.3.1.jar:/opt/maven/local_repo/org/apache/hbase/hbase-annotations/1.3.1/hbase-annotations-1.3.1.jar:/opt/maven/local_repo/com/github/stephenc/findbugs/findbugs-annotations/1.3.9-1/findbugs-annotations-1.3.9-1.jar:/opt/maven/local_repo/org/apache/hbase/hbase-common/1.3.1/hbase-common-1.3.1.jar:/opt/maven/local_repo/org/apache/hbase/hbase-protocol/1.3.1/hbase-protocol-1.3.1.jar:/opt/maven/local_repo/org/jruby/jcodings/jcodings/1.0.8/jcodings-1.0.8.jar:/opt/maven/local_repo/org/jruby/joni/joni/2.1.2/joni-2.1.2.jar:/opt/maven/local_repo/com/yammer/metrics/metrics-core/2.2.0/metrics-core-2.2.0.jar:/opt/maven/local_repo/org/apache/hbase/hbase-server/1.3.1/hbase-server-1.3.1.jar:/opt/maven/local_repo/org/apache/hbase/hbase-procedure/1.3.1/hbase-procedure-1.3.1.jar:/opt/maven/local_repo/org/apache/hbase/hbase-common/1.3.1/hbase-common-1.3.1-tests.jar:/opt/maven/local_repo/org/apache/hbase/hbase-prefix-tree/1.3.1/hbase-prefix-tree-1.3.1.jar:/opt/maven/local_repo/org/apache/hbase/hbase-hadoop-compat/1.3.1/hbase-hadoop-compat-1.3.1.jar:/opt/maven/local_repo/org/apache/hbase/hbase-hadoop2-compat/1.3.1/hbase-hadoop2-compat-1.3.1.jar:/opt/maven/local_repo/org/apache/commons/commons-math/2.2/commons-math-2.2.jar:/opt/maven/local_repo/org/mortbay/jetty/jetty-sslengine/6.1.26/jetty-sslengine-6.1.26.jar:/opt/maven/local_repo/org/mortbay/jetty/jsp-2.1/6.1.14/jsp-2.1-6.1.14.jar:/opt/maven/local_repo/org/mortbay/jetty/jsp-api-2.1/6.1.14/jsp-api-2.1-6.1.14.jar:/opt/maven/local_repo/org/mortbay/jetty/servlet-api-2.5/6.1.14/servlet-api-2.5-6.1.14.jar:/opt/maven/local_repo/org/codehaus/jackson/jackson-jaxrs/1.9.13/jackson-jaxrs-1.9.13.jar:/opt/maven/local_repo/tomcat/jasper-compiler/5.5.23/jasper-compiler-5.5.23.jar:/opt/maven/local_repo/tomcat/jasper-runtime/5.5.23/jasper-runtime-5.5.23.jar:/opt/maven/local_repo/commons-el/commons-el/1.0/commons-el-1.0.jar:/opt/maven/local_repo/org/jamon/jamon-runtime/2.4.1/jamon-runtime-2.4.1.jar:/opt/maven/local_repo/com/lmax/disruptor/3.3.0/disruptor-3.3.0.jar:/opt/maven/local_repo/org/mongodb/mongodb-driver/3.4.2/mongodb-driver-3.4.2.jar:/opt/maven/local_repo/org/mongodb/bson/3.4.2/bson-3.4.2.jar:/opt/maven/local_repo/org/mongodb/mongodb-driver-core/3.4.2/mongodb-driver-core-3.4.2.jar:"/>
    <property name="java.vm.vendor" value="Oracle Corporation"/>
    <property name="sun.arch.data.model" value="64"/>
    <property name="java.vendor.url" value="http://java.oracle.com/"/>
    <property name="user.timezone" value=""/>
    <property name="java.vm.specification.version" value="1.8"/>
    <property name="os.name" value="Linux"/>
    <property name="user.country" value="US"/>
    <property name="sun.java.launcher" value="SUN_STANDARD"/>
    <property name="sun.boot.library.path" value="/usr/jdk64/jdk1.8.0_112/jre/lib/amd64"/>
    <property name="sun.java.command" value="/home/ua07/mytest/target/surefire/surefirebooter192239019206696531.jar /home/ua07/mytest/target/surefire 2019-11-28T05-11-35_020-jvmRun1 surefire2330158073238091111tmp surefire_08529619323802185956tmp"/>
    <property name="surefire.test.class.path" value="/home/ua07/mytest/target/test-classes:/home/ua07/mytest/target/classes:/opt/maven/local_repo/junit/junit/4.11/junit-4.11.jar:/opt/maven/local_repo/org/hamcrest/hamcrest-core/1.3/hamcrest-core-1.3.jar:/opt/maven/local_repo/org/apache/hadoop/hadoop-common/2.7.3/hadoop-common-2.7.3.jar:/opt/maven/local_repo/org/apache/hadoop/hadoop-annotations/2.7.3/hadoop-annotations-2.7.3.jar:/usr/jdk64/jdk1.8.0_112/jre/../lib/tools.jar:/opt/maven/local_repo/com/google/guava/guava/11.0.2/guava-11.0.2.jar:/opt/maven/local_repo/commons-cli/commons-cli/1.2/commons-cli-1.2.jar:/opt/maven/local_repo/org/apache/commons/commons-math3/3.1.1/commons-math3-3.1.1.jar:/opt/maven/local_repo/xmlenc/xmlenc/0.52/xmlenc-0.52.jar:/opt/maven/local_repo/commons-httpclient/commons-httpclient/3.1/commons-httpclient-3.1.jar:/opt/maven/local_repo/commons-codec/commons-codec/1.4/commons-codec-1.4.jar:/opt/maven/local_repo/commons-io/commons-io/2.4/commons-io-2.4.jar:/opt/maven/local_repo/commons-net/commons-net/3.1/commons-net-3.1.jar:/opt/maven/local_repo/commons-collections/commons-collections/3.2.2/commons-collections-3.2.2.jar:/opt/maven/local_repo/javax/servlet/servlet-api/2.5/servlet-api-2.5.jar:/opt/maven/local_repo/org/mortbay/jetty/jetty/6.1.26/jetty-6.1.26.jar:/opt/maven/local_repo/org/mortbay/jetty/jetty-util/6.1.26/jetty-util-6.1.26.jar:/opt/maven/local_repo/javax/servlet/jsp/jsp-api/2.1/jsp-api-2.1.jar:/opt/maven/local_repo/com/sun/jersey/jersey-core/1.9/jersey-core-1.9.jar:/opt/maven/local_repo/com/sun/jersey/jersey-json/1.9/jersey-json-1.9.jar:/opt/maven/local_repo/org/codehaus/jettison/jettison/1.1/jettison-1.1.jar:/opt/maven/local_repo/com/sun/xml/bind/jaxb-impl/2.2.3-1/jaxb-impl-2.2.3-1.jar:/opt/maven/local_repo/org/codehaus/jackson/jackson-xc/1.8.3/jackson-xc-1.8.3.jar:/opt/maven/local_repo/com/sun/jersey/jersey-server/1.9/jersey-server-1.9.jar:/opt/maven/local_repo/asm/asm/3.1/asm-3.1.jar:/opt/maven/local_repo/commons-logging/commons-logging/1.1.3/commons-logging-1.1.3.jar:/opt/maven/local_repo/log4j/log4j/1.2.17/log4j-1.2.17.jar:/opt/maven/local_repo/net/java/dev/jets3t/jets3t/0.9.0/jets3t-0.9.0.jar:/opt/maven/local_repo/org/apache/httpcomponents/httpclient/4.1.2/httpclient-4.1.2.jar:/opt/maven/local_repo/org/apache/httpcomponents/httpcore/4.1.2/httpcore-4.1.2.jar:/opt/maven/local_repo/com/jamesmurty/utils/java-xmlbuilder/0.4/java-xmlbuilder-0.4.jar:/opt/maven/local_repo/commons-lang/commons-lang/2.6/commons-lang-2.6.jar:/opt/maven/local_repo/commons-configuration/commons-configuration/1.6/commons-configuration-1.6.jar:/opt/maven/local_repo/commons-digester/commons-digester/1.8/commons-digester-1.8.jar:/opt/maven/local_repo/commons-beanutils/commons-beanutils/1.7.0/commons-beanutils-1.7.0.jar:/opt/maven/local_repo/commons-beanutils/commons-beanutils-core/1.8.0/commons-beanutils-core-1.8.0.jar:/opt/maven/local_repo/org/slf4j/slf4j-api/1.7.10/slf4j-api-1.7.10.jar:/opt/maven/local_repo/org/slf4j/slf4j-log4j12/1.7.10/slf4j-log4j12-1.7.10.jar:/opt/maven/local_repo/org/codehaus/jackson/jackson-core-asl/1.9.13/jackson-core-asl-1.9.13.jar:/opt/maven/local_repo/org/codehaus/jackson/jackson-mapper-asl/1.9.13/jackson-mapper-asl-1.9.13.jar:/opt/maven/local_repo/org/apache/avro/avro/1.7.4/avro-1.7.4.jar:/opt/maven/local_repo/com/thoughtworks/paranamer/paranamer/2.3/paranamer-2.3.jar:/opt/maven/local_repo/org/xerial/snappy/snappy-java/1.0.4.1/snappy-java-1.0.4.1.jar:/opt/maven/local_repo/com/google/protobuf/protobuf-java/2.5.0/protobuf-java-2.5.0.jar:/opt/maven/local_repo/com/google/code/gson/gson/2.2.4/gson-2.2.4.jar:/opt/maven/local_repo/org/apache/hadoop/hadoop-auth/2.7.3/hadoop-auth-2.7.3.jar:/opt/maven/local_repo/org/apache/directory/server/apacheds-kerberos-codec/2.0.0-M15/apacheds-kerberos-codec-2.0.0-M15.jar:/opt/maven/local_repo/org/apache/directory/server/apacheds-i18n/2.0.0-M15/apacheds-i18n-2.0.0-M15.jar:/opt/maven/local_repo/org/apache/directory/api/api-asn1-api/1.0.0-M20/api-asn1-api-1.0.0-M20.jar:/opt/maven/local_repo/org/apache/directory/api/api-util/1.0.0-M20/api-util-1.0.0-M20.jar:/opt/maven/local_repo/org/apache/curator/curator-framework/2.7.1/curator-framework-2.7.1.jar:/opt/maven/local_repo/com/jcraft/jsch/0.1.42/jsch-0.1.42.jar:/opt/maven/local_repo/org/apache/curator/curator-client/2.7.1/curator-client-2.7.1.jar:/opt/maven/local_repo/org/apache/curator/curator-recipes/2.7.1/curator-recipes-2.7.1.jar:/opt/maven/local_repo/com/google/code/findbugs/jsr305/3.0.0/jsr305-3.0.0.jar:/opt/maven/local_repo/org/apache/htrace/htrace-core/3.1.0-incubating/htrace-core-3.1.0-incubating.jar:/opt/maven/local_repo/org/apache/zookeeper/zookeeper/3.4.6/zookeeper-3.4.6.jar:/opt/maven/local_repo/org/apache/commons/commons-compress/1.4.1/commons-compress-1.4.1.jar:/opt/maven/local_repo/org/tukaani/xz/1.0/xz-1.0.jar:/opt/maven/local_repo/org/apache/hadoop/hadoop-hdfs/2.7.3/hadoop-hdfs-2.7.3.jar:/opt/maven/local_repo/commons-daemon/commons-daemon/1.0.13/commons-daemon-1.0.13.jar:/opt/maven/local_repo/io/netty/netty/3.6.2.Final/netty-3.6.2.Final.jar:/opt/maven/local_repo/io/netty/netty-all/4.0.23.Final/netty-all-4.0.23.Final.jar:/opt/maven/local_repo/xerces/xercesImpl/2.9.1/xercesImpl-2.9.1.jar:/opt/maven/local_repo/xml-apis/xml-apis/1.3.04/xml-apis-1.3.04.jar:/opt/maven/local_repo/org/fusesource/leveldbjni/leveldbjni-all/1.8/leveldbjni-all-1.8.jar:/opt/maven/local_repo/org/apache/hadoop/hadoop-client/2.7.3/hadoop-client-2.7.3.jar:/opt/maven/local_repo/org/apache/hadoop/hadoop-mapreduce-client-app/2.7.3/hadoop-mapreduce-client-app-2.7.3.jar:/opt/maven/local_repo/org/apache/hadoop/hadoop-mapreduce-client-common/2.7.3/hadoop-mapreduce-client-common-2.7.3.jar:/opt/maven/local_repo/org/apache/hadoop/hadoop-yarn-client/2.7.3/hadoop-yarn-client-2.7.3.jar:/opt/maven/local_repo/org/apache/hadoop/hadoop-yarn-server-common/2.7.3/hadoop-yarn-server-common-2.7.3.jar:/opt/maven/local_repo/org/apache/hadoop/hadoop-mapreduce-client-shuffle/2.7.3/hadoop-mapreduce-client-shuffle-2.7.3.jar:/opt/maven/local_repo/org/apache/hadoop/hadoop-yarn-api/2.7.3/hadoop-yarn-api-2.7.3.jar:/opt/maven/local_repo/org/apache/hadoop/hadoop-mapreduce-client-jobclient/2.7.3/hadoop-mapreduce-client-jobclient-2.7.3.jar:/opt/maven/local_repo/org/apache/hadoop/hadoop-mapreduce-client-core/2.7.3/hadoop-mapreduce-client-core-2.7.3.jar:/opt/maven/local_repo/org/apache/hadoop/hadoop-yarn-common/2.7.3/hadoop-yarn-common-2.7.3.jar:/opt/maven/local_repo/javax/xml/bind/jaxb-api/2.2.2/jaxb-api-2.2.2.jar:/opt/maven/local_repo/javax/xml/stream/stax-api/1.0-2/stax-api-1.0-2.jar:/opt/maven/local_repo/javax/activation/activation/1.1/activation-1.1.jar:/opt/maven/local_repo/com/sun/jersey/jersey-client/1.9/jersey-client-1.9.jar:/opt/maven/local_repo/com/google/inject/guice/3.0/guice-3.0.jar:/opt/maven/local_repo/javax/inject/javax.inject/1/javax.inject-1.jar:/opt/maven/local_repo/aopalliance/aopalliance/1.0/aopalliance-1.0.jar:/opt/maven/local_repo/com/sun/jersey/contribs/jersey-guice/1.9/jersey-guice-1.9.jar:/opt/maven/local_repo/com/google/inject/extensions/guice-servlet/3.0/guice-servlet-3.0.jar:/opt/maven/local_repo/org/apache/hbase/hbase-client/1.3.1/hbase-client-1.3.1.jar:/opt/maven/local_repo/org/apache/hbase/hbase-annotations/1.3.1/hbase-annotations-1.3.1.jar:/opt/maven/local_repo/com/github/stephenc/findbugs/findbugs-annotations/1.3.9-1/findbugs-annotations-1.3.9-1.jar:/opt/maven/local_repo/org/apache/hbase/hbase-common/1.3.1/hbase-common-1.3.1.jar:/opt/maven/local_repo/org/apache/hbase/hbase-protocol/1.3.1/hbase-protocol-1.3.1.jar:/opt/maven/local_repo/org/jruby/jcodings/jcodings/1.0.8/jcodings-1.0.8.jar:/opt/maven/local_repo/org/jruby/joni/joni/2.1.2/joni-2.1.2.jar:/opt/maven/local_repo/com/yammer/metrics/metrics-core/2.2.0/metrics-core-2.2.0.jar:/opt/maven/local_repo/org/apache/hbase/hbase-server/1.3.1/hbase-server-1.3.1.jar:/opt/maven/local_repo/org/apache/hbase/hbase-procedure/1.3.1/hbase-procedure-1.3.1.jar:/opt/maven/local_repo/org/apache/hbase/hbase-common/1.3.1/hbase-common-1.3.1-tests.jar:/opt/maven/local_repo/org/apache/hbase/hbase-prefix-tree/1.3.1/hbase-prefix-tree-1.3.1.jar:/opt/maven/local_repo/org/apache/hbase/hbase-hadoop-compat/1.3.1/hbase-hadoop-compat-1.3.1.jar:/opt/maven/local_repo/org/apache/hbase/hbase-hadoop2-compat/1.3.1/hbase-hadoop2-compat-1.3.1.jar:/opt/maven/local_repo/org/apache/commons/commons-math/2.2/commons-math-2.2.jar:/opt/maven/local_repo/org/mortbay/jetty/jetty-sslengine/6.1.26/jetty-sslengine-6.1.26.jar:/opt/maven/local_repo/org/mortbay/jetty/jsp-2.1/6.1.14/jsp-2.1-6.1.14.jar:/opt/maven/local_repo/org/mortbay/jetty/jsp-api-2.1/6.1.14/jsp-api-2.1-6.1.14.jar:/opt/maven/local_repo/org/mortbay/jetty/servlet-api-2.5/6.1.14/servlet-api-2.5-6.1.14.jar:/opt/maven/local_repo/org/codehaus/jackson/jackson-jaxrs/1.9.13/jackson-jaxrs-1.9.13.jar:/opt/maven/local_repo/tomcat/jasper-compiler/5.5.23/jasper-compiler-5.5.23.jar:/opt/maven/local_repo/tomcat/jasper-runtime/5.5.23/jasper-runtime-5.5.23.jar:/opt/maven/local_repo/commons-el/commons-el/1.0/commons-el-1.0.jar:/opt/maven/local_repo/org/jamon/jamon-runtime/2.4.1/jamon-runtime-2.4.1.jar:/opt/maven/local_repo/com/lmax/disruptor/3.3.0/disruptor-3.3.0.jar:/opt/maven/local_repo/org/mongodb/mongodb-driver/3.4.2/mongodb-driver-3.4.2.jar:/opt/maven/local_repo/org/mongodb/bson/3.4.2/bson-3.4.2.jar:/opt/maven/local_repo/org/mongodb/mongodb-driver-core/3.4.2/mongodb-driver-core-3.4.2.jar:"/>
    <property name="sun.cpu.endian" value="little"/>
    <property name="user.home" value="/home/ua07"/>
    <property name="user.language" value="en"/>
    <property name="java.specification.vendor" value="Oracle Corporation"/>
    <property name="java.home" value="/usr/jdk64/jdk1.8.0_112/jre"/>
    <property name="basedir" value="/home/ua07/mytest"/>
    <property name="file.separator" value="/"/>
    <property name="line.separator" value="&#10;"/>
    <property name="java.vm.specification.vendor" value="Oracle Corporation"/>
    <property name="java.specification.name" value="Java Platform API Specification"/>
    <property name="java.awt.graphicsenv" value="sun.awt.X11GraphicsEnvironment"/>
    <property name="surefire.real.class.path" value="/home/ua07/mytest/target/surefire/surefirebooter192239019206696531.jar"/>
    <property name="sun.boot.class.path" value="/usr/jdk64/jdk1.8.0_112/jre/lib/resources.jar:/usr/jdk64/jdk1.8.0_112/jre/lib/rt.jar:/usr/jdk64/jdk1.8.0_112/jre/lib/sunrsasign.jar:/usr/jdk64/jdk1.8.0_112/jre/lib/jsse.jar:/usr/jdk64/jdk1.8.0_112/jre/lib/jce.jar:/usr/jdk64/jdk1.8.0_112/jre/lib/charsets.jar:/usr/jdk64/jdk1.8.0_112/jre/lib/jfr.jar:/usr/jdk64/jdk1.8.0_112/jre/classes"/>
    <property name="sun.management.compiler" value="HotSpot 64-Bit Tiered Compilers"/>
    <property name="java.runtime.version" value="1.8.0_112-b15"/>
    <property name="user.name" value="ua07"/>
    <property name="path.separator" value=":"/>
    <property name="os.version" value="4.4.0-72-generic"/>
    <property name="java.endorsed.dirs" value="/usr/jdk64/jdk1.8.0_112/jre/lib/endorsed"/>
    <property name="java.runtime.name" value="Java(TM) SE Runtime Environment"/>
    <property name="file.encoding" value="UTF-8"/>
    <property name="java.vm.name" value="Java HotSpot(TM) 64-Bit Server VM"/>
    <property name="localRepository" value="/opt/maven/local_repo"/>
    <property name="java.vendor.url.bug" value="http://bugreport.sun.com/bugreport/"/>
    <property name="java.io.tmpdir" value="/tmp"/>
    <property name="java.version" value="1.8.0_112"/>
    <property name="user.dir" value="/home/ua07/mytest"/>
    <property name="os.arch" value="amd64"/>
    <property name="java.vm.specification.name" value="Java Virtual Machine Specification"/>
    <property name="java.awt.printerjob" value="sun.print.PSPrinterJob"/>
    <property name="sun.os.patch.level" value="unknown"/>
    <property name="java.library.path" value="/opt/idea/idea-IC-171.4694.70/bin::/usr/java/packages/lib/amd64:/usr/lib64:/lib64:/lib:/usr/lib"/>
    <property name="java.vm.info" value="mixed mode"/>
    <property name="java.vendor" value="Oracle Corporation"/>
    <property name="java.vm.version" value="25.112-b15"/>
    <property name="java.ext.dirs" value="/usr/jdk64/jdk1.8.0_112/jre/lib/ext:/usr/java/packages/lib/ext"/>
    <property name="sun.io.unicode.encoding" value="UnicodeLittle"/>
    <property name="java.class.version" value="52.0"/>
  </properties>
  <testcase name="shouldAnswerWithTrue" classname="com.mytest.AppTest" time="0.002"/>
</testsuite>